0 info it worked if it ends with ok
1 verbose cli [ 'C:\\Program Files\\nodejs\\node.exe',
1 verbose cli   'C:\\Users\\Peter Kassenaar\\AppData\\Roaming\\npm\\node_modules\\npm\\bin\\npm-cli.js',
1 verbose cli   'run',
1 verbose cli   'watch' ]
2 info using npm@4.1.1
3 info using node@v6.2.1
4 verbose run-script [ 'prewatch', 'watch', 'postwatch' ]
5 info lifecycle 0605-namespace-multiple@1.0.0~prewatch: 0605-namespace-multiple@1.0.0
6 silly lifecycle 0605-namespace-multiple@1.0.0~prewatch: no script for prewatch, continuing
7 info lifecycle 0605-namespace-multiple@1.0.0~watch: 0605-namespace-multiple@1.0.0
8 verbose lifecycle 0605-namespace-multiple@1.0.0~watch: unsafe-perm in lifecycle true
9 verbose lifecycle 0605-namespace-multiple@1.0.0~watch: PATH: C:\Users\Peter Kassenaar\AppData\Roaming\npm\node_modules\npm\bin\node-gyp-bin;C:\Users\Peter Kassenaar\Dropbox\Zakelijk\Schrijven\Web Development Library\ES6-TypeScript\codevoorbeelden\H06\0605\node_modules\.bin;C:\Program Files\ImageMagick-6.9.0-Q16;C:\ProgramData\Oracle\Java\javapath;C:\WINDOWS\system32;C:\WINDOWS;C:\WINDOWS\System32\Wbem;C:\WINDOWS\System32\WindowsPowerShell\v1.0\;C:\Program Files (x86)\Microsoft ASP.NET\ASP.NET Web Pages\v1.0\;C:\Program Files\Microsoft SQL Server\110\Tools\Binn\;C:\Program Files\TortoiseSVN\bin;C:\Program Files (x86)\Microsoft SQL Server\100\Tools\Binn\;C:\Program Files\Microsoft SQL Server\100\Tools\Binn\;C:\Program Files\Microsoft SQL Server\100\DTS\Binn\;C:\Program Files (x86)\Microsoft SQL Server\100\Tools\Binn\VSShell\Common7\IDE\;C:\Program Files (x86)\Microsoft SQL Server\100\DTS\Binn\;C:\Program Files (x86)\VisualSVN\bin;C:\Program Files (x86)\GtkSharp\2.12\bin;C:\Program Files\eclipse\sdk\platform-tools;C:\Program Files\eclipse\sdk\tools;C:\Program Files\Java\jdk1.7.0_25\bin;C:\Program Files\apache-ant-1.9.2\bin;C:\Program Files\nodejs;C:\Program Files (x86)\Microsoft SDKs\Windows Azure\CLI\wbin;C:\Program Files (x86)\Windows Live\Shared;C:\Program Files\Microsoft SQL Server\120\Tools\Binn\;C:\Program Files\Microsoft\Web Platform Installer\;C:\Program Files (x86)\Git\cmd;C:\Program Files (x86)\Heroku\bin;C:\Program Files (x86)\git\cmd;C:\Program Files (x86)\QuickTime\QTSystem\;C:\Program Files (x86)\NVIDIA Corporation\PhysX\Common;C:\Program Files (x86)\Skype\Phone\;C:\Program Files\nodejs\;C:\Program Files\Git\cmd;C:\Program Files\Microsoft SQL Server\130\Tools\Binn\;%SystemRoot%\system32;%SystemRoot%;%SystemRoot%\System32\Wbem;%SYSTEMROOT%\System32\WindowsPowerShell\v1.0\;C:\Users\Peter Kassenaar\AppData\Local\.meteor\;C:\Users\Peter Kassenaar\AppData\Roaming\npm;C:\Program Files (x86)\Microsoft VS Code\bin;C:\Users\Peter Kassenaar\AppData\Local\Microsoft\WindowsApps;
10 verbose lifecycle 0605-namespace-multiple@1.0.0~watch: CWD: C:\Users\Peter Kassenaar\Dropbox\Zakelijk\Schrijven\Web Development Library\ES6-TypeScript\codevoorbeelden\H06\0605
11 silly lifecycle 0605-namespace-multiple@1.0.0~watch: Args: [ '/d /s /c', 'tsc -w' ]
12 silly lifecycle 0605-namespace-multiple@1.0.0~watch: Returned: code: 1  signal: null
13 info lifecycle 0605-namespace-multiple@1.0.0~watch: Failed to exec watch script
14 verbose stack Error: 0605-namespace-multiple@1.0.0 watch: `tsc -w`
14 verbose stack Exit status 1
14 verbose stack     at EventEmitter.<anonymous> (C:\Users\Peter Kassenaar\AppData\Roaming\npm\node_modules\npm\lib\utils\lifecycle.js:279:16)
14 verbose stack     at emitTwo (events.js:106:13)
14 verbose stack     at EventEmitter.emit (events.js:191:7)
14 verbose stack     at ChildProcess.<anonymous> (C:\Users\Peter Kassenaar\AppData\Roaming\npm\node_modules\npm\lib\utils\spawn.js:40:14)
14 verbose stack     at emitTwo (events.js:106:13)
14 verbose stack     at ChildProcess.emit (events.js:191:7)
14 verbose stack     at maybeClose (internal/child_process.js:852:16)
14 verbose stack     at Process.ChildProcess._handle.onexit (internal/child_process.js:215:5)
15 verbose pkgid 0605-namespace-multiple@1.0.0
16 verbose cwd C:\Users\Peter Kassenaar\Dropbox\Zakelijk\Schrijven\Web Development Library\ES6-TypeScript\codevoorbeelden\H06\0605
17 error Windows_NT 10.0.14393
18 error argv "C:\\Program Files\\nodejs\\node.exe" "C:\\Users\\Peter Kassenaar\\AppData\\Roaming\\npm\\node_modules\\npm\\bin\\npm-cli.js" "run" "watch"
19 error node v6.2.1
20 error npm  v4.1.1
21 error code ELIFECYCLE
22 error 0605-namespace-multiple@1.0.0 watch: `tsc -w`
22 error Exit status 1
23 error Failed at the 0605-namespace-multiple@1.0.0 watch script 'tsc -w'.
23 error Make sure you have the latest version of node.js and npm installed.
23 error If you do, this is most likely a problem with the 0605-namespace-multiple package,
23 error not with npm itself.
23 error Tell the author that this fails on your system:
23 error     tsc -w
23 error You can get information on how to open an issue for this project with:
23 error     npm bugs 0605-namespace-multiple
23 error Or if that isn't available, you can get their info via:
23 error     npm owner ls 0605-namespace-multiple
23 error There is likely additional logging output above.
24 verbose exit [ 1, true ]
